# ----------------------------------------
# Jasper Version Info
# tool      : Jasper 2023.09
# platform  : Linux 6.5.0-35-generic
# version   : 2023.09p002 64 bits
# build date: 2023.11.21 13:10:30 UTC
# ----------------------------------------
# started   : 2024-06-10 21:32:52 -03
# hostname  : victorhug-340XAA-350XAA-550XAA.(none)
# pid       : 8811
# arguments : '-label' 'session_0' '-console' '//127.0.0.1:45335' '-style' 'windows' '-data' 'AAAA2nicVYyxCsJAEETfKfYWfoKVkCNqBIsUNumUEAVbEUwRCIloRLDRT/VPLsOFgM6wM7D7WAPEb+ccXsOXYsyWHXsSZcpRDVNWLFgTslGHsmXOUmOVVrtIhJf5dk1s+JXJPn8Nox7skYFmRsCZUq55cuJBxV15lWtuNORctE85iJ6I7q65biWF6Ma/bgHfKBow' '-proj' '/home/victorhug/Documents/TCC/Código/NES_MiSTerCadence/jgproject/sessionLogs/session_0' '-init' '-hidden' '/home/victorhug/Documents/TCC/Código/NES_MiSTerCadence/jgproject/.tmp/.initCmds.tcl'

Any disclosure about the Cadence Design Systems software or its use
model to any third party violates the written Non-Disclosure Agreement
between Cadence Design Systems, Inc. and the customer.

THIS SOFTWARE CONTAINS CONFIDENTIAL INFORMATION AND TRADE SECRETS OF
CADENCE DESIGN SYSTEMS, INC. USE, DISCLOSURE, OR REPRODUCTION IS
PROHIBITED WITHOUT THE PRIOR EXPRESS WRITTEN PERMISSION OF CADENCE
DESIGN SYSTEMS, INC.

Copyright (C) 2000-2023 Cadence Design Systems, Inc. All Rights
Reserved.  Unpublished -- rights reserved under the copyright laws of
the United States.

This product includes software developed by others and redistributed
according to license agreement. See doc/third_party_readme.txt for
further details.

RESTRICTED RIGHTS LEGEND

Use, duplication, or disclosure by the Government is subject to
restrictions as set forth in subparagraph (c) (1) (ii) of the Rights in
Technical Data and Computer Software clause at DFARS 252.227-7013 or
subparagraphs (c) (1) and (2) of Commercial Computer Software -- Restricted
Rights at 48 CFR 52.227-19, as applicable.


                          Cadence Design Systems, Inc.
                          2655 Seely Avenue
                          San Jose, CA 95134
                          Phone: 408.943.1234

For technical assistance visit http://support.cadence.com.

Jasper Apps Analysis Session - /home/victorhug/Documents/TCC/Código/NES_MiSTerCadence/jgproject/sessionLogs/session_0

INFO: successfully checked out licenses "jasper_interactive" and "jasper_dao".
INFO: reading configuration file "/home/victorhug/.config/cadence/jasper.conf".
% check_superlint -init
% include /home/victorhug/Documents/TCC/Código/NES_MiSTerCadence/formal/NES.tcl
%% 
%% clear -all
INFO (IPF121): Cleared environment completely for new design analysis.
%% 
%% # Load checks that will be verified
%% # config_rtlds -rule -load /home/jef/cadence/installs/jasper_2023.09p002/etc/res/rtlds/rules/superlint_VHDL.def
%% # config_rtlds -rule -load /home/jef/cadence/installs/jasper_2023.09p002/etc/res/rtlds/rules/superlint_Verilog_SystemVerilog.def 
%% config_rtlds -rule -load Superlint_Deployment_Rulefile_Lint_2022_09_Customer.def
WARNING (WSL056): Change in Message, Arguments for tag: RST_MX_SYAS have changed.
    For message help, type "help -message WSL056".
WARNING (WRTL036): SEQ_NR_BLKA is deprecated. This will become obsolete from next release FLP_NR_BLAS, LAT_NR_BLAS will be issued instead.
%% 
%% 
%% # analyze -register -vhdl -f files_vhd.f
%% # analyze -sort -vhdl -f files_vhd.f
%% analyze -vhdl ../rtl/statemanager.vhd
ERROR at line 12 in file /home/victorhug/Documents/TCC/Código/NES_MiSTerCadence/formal/NES.tcl, more info in Tcl-variable errorInfo
ERROR (ESW046): The file "../rtl/statemanager.vhd" does not exist.


INFO (IPL005): Received request to exit from the console.
INFO (IPL014): Waiting for the Tcl-thread to exit.
INFO (IPL018): The peak resident set memory use for this session was 0.359 GB.
INFO (IPL015): The Tcl-thread exited with status 0.
INFO (IPL016): Exiting the analysis session with status 0.
