2024-06-04 15:21:42.539780 (6164) main____ INFO    ----------------------------------------
2024-06-04 15:21:42.539840 (6164) main____ INFO    Jasper version info
2024-06-04 15:21:42.539850 (6164) main____ INFO      tool      : Jasper 2023.09
2024-06-04 15:21:42.539860 (6164) main____ INFO      version   : 2023.09p002 64 bits
2024-06-04 15:21:42.539867 (6164) main____ INFO      build date: 2023.11.21 13:10:30 UTC
2024-06-04 15:21:42.539874 (6164) main____ INFO    ----------------------------------------
2024-06-04 15:21:42.539880 (6164) main____ INFO    Runtime info:
2024-06-04 15:21:42.539887 (6164) main____ INFO      platform  : Linux 6.5.0-35-generic x86_64
2024-06-04 15:21:42.539896 (6164) main____ INFO      hostname  : victorhug-340XAA-350XAA-550XAA
2024-06-04 15:21:42.539904 (6164) main____ INFO      pid       : 6164
2024-06-04 15:21:42.539911 (6164) main____ INFO      arguments : '-style' 'windows' '-allow_unsupported_OS' '-superlint'
2024-06-04 15:21:42.539921 (6164) main____ INFO      locale    : UTF-8
2024-06-04 15:21:42.539928 (6164) main____ INFO    ----------------------------------------
2024-06-04 15:21:42.539934 (6164) main____ INFO    System resource limits info:
2024-06-04 15:21:42.539941 (6164) main____ INFO      virtual memory: unlimited
2024-06-04 15:21:42.539948 (6164) main____ INFO      cpu time      : unlimited
2024-06-04 15:21:42.539957 (6164) main____ INFO      processes     : 31088
2024-06-04 15:21:42.539969 (6164) main____ INFO      stack size    : 8388608 B
2024-06-04 15:21:42.539977 (6164) main____ INFO      core file size: 0 B
2024-06-04 15:21:42.539984 (6164) main____ INFO      open files    : 1048576
2024-06-04 15:21:42.539991 (6164) main____ INFO      file size     : unlimited
2024-06-04 15:21:42.539998 (6164) main____ INFO    ----------------------------------------
2024-06-04 15:21:42.540004 (6164) main____ INFO    Memory statistics:
2024-06-04 15:21:42.540011 (6164) main____ INFO      total physical memory  : 8036084 kB
2024-06-04 15:21:42.540018 (6164) main____ INFO      free physical memory   : 2304928 kB
2024-06-04 15:21:42.540025 (6164) main____ INFO      committed address space: 6188868 kB
2024-06-04 15:21:42.540031 (6164) main____ INFO    ----------------------------------------
2024-06-04 15:21:42.541119 (6164) main____ INFO    Important environment variables:
2024-06-04 15:21:42.541164 (6164) main____ INFO      CDS_LIC_FILE       : '5280@200.131.3.245'
2024-06-04 15:21:42.541178 (6164) main____ INFO      DISPLAY            : ':0'
2024-06-04 15:21:42.541187 (6164) main____ INFO      JASPER_INSTALL_DIR : '/home/victorhug/cadence/installs/Update_JASPER23.09.002_lnx86_1of1/jasper_2023.09p002'
2024-06-04 15:21:42.541196 (6164) main____ INFO      JASPER_KERNEL_CHECK: '1'
2024-06-04 15:21:42.541205 (6164) main____ INFO      JASPER_OS_CHECK    : '0'
2024-06-04 15:21:42.541213 (6164) main____ INFO      LANG               : 'en_US.UTF-8'
2024-06-04 15:21:42.541220 (6164) main____ INFO      LC_ADDRESS         : 'pt_BR.UTF-8'
2024-06-04 15:21:42.541228 (6164) main____ INFO      LC_CTYPE           : 'pt_BR.UTF-8'
2024-06-04 15:21:42.541236 (6164) main____ INFO      LC_IDENTIFICATION  : 'pt_BR.UTF-8'
2024-06-04 15:21:42.541244 (6164) main____ INFO      LC_MEASUREMENT     : 'pt_BR.UTF-8'
2024-06-04 15:21:42.541253 (6164) main____ INFO      LC_MONETARY        : 'pt_BR.UTF-8'
2024-06-04 15:21:42.541260 (6164) main____ INFO      LC_NAME            : 'pt_BR.UTF-8'
2024-06-04 15:21:42.541268 (6164) main____ INFO      LC_NUMERIC         : 'pt_BR.UTF-8'
2024-06-04 15:21:42.541276 (6164) main____ INFO      LC_PAPER           : 'pt_BR.UTF-8'
2024-06-04 15:21:42.541284 (6164) main____ INFO      LC_TELEPHONE       : 'pt_BR.UTF-8'
2024-06-04 15:21:42.541292 (6164) main____ INFO      LC_TIME            : 'pt_BR.UTF-8'
2024-06-04 15:21:42.541299 (6164) main____ INFO    ----------------------------------------
2024-06-04 15:21:42.542311 (6164) lic_core INFO    Initializing license system ...
2024-06-04 15:21:42.544184 (6164) lic_core INFO    ... license system initialized.
2024-06-04 15:21:42.545590 (6164) lic__man INFO    Claim 'main' for <ui>.
2024-06-04 15:21:42.545627 (6164) lic_core INFO    (1) checking out 'jasper_interactive' ...
2024-06-04 15:21:42.841383 (6164) lic_core INFO    ... (1) checkout succeeded
2024-06-04 15:21:42.841440 (6164) lic__man INFO    Claim 'superlint' for <ui>.
2024-06-04 15:21:42.841456 (6164) lic_core INFO    (2) checking out 'jasper_afl' ...
2024-06-04 15:21:43.073471 (6164) lic_core INFO    ... (2) checkout failed (error: -5) ("FLEXnet ERROR(-5, 0, 0): No such feature exists.")
2024-06-04 15:21:43.073523 (6164) lic_core INFO    (3) checking out 'jasper_dao' ...
2024-06-04 15:21:43.353753 (6164) lic_core INFO    ... (3) checkout succeeded
2024-06-04 15:21:43.354286 (6164) main____ INFO    Tool inactivity delay is 480000 ms.
2024-06-04 15:21:44.140489 (6164) lic__man INFO    Claim 'superlint' for <ui>.
2024-06-04 15:21:44.324324 (6164) lic__man INFO    Unclaim 'superlint' for <ui>.
2024-06-04 15:21:44.324366 (6164) lic__man INFO    Claim 'superlint' for <ui>.
2024-06-04 15:21:44.327833 (6164) session_ INFO    Starting analysis session with session id 'session_0' (launcher: <local>) ...
2024-06-04 15:21:44.329788 (6164) session_ INFO    Analysis session with session id 'session_0' started (pid: 6187)
2024-06-04 15:21:45.081870 (6164) session_ INFO    Analysis session 'session_0' connected to the console (host: 127.0.0.1:59044)
2024-06-04 15:21:55.362590 (6164) main____ INFO    Releasing console memory by request of analysis session 'session_0'.
2024-06-04 15:21:55.366243 (6164) lic__man INFO    Unclaim everything for 'session_0'.
2024-06-04 15:23:01.343356 (6164) main____ INFO    Releasing console memory by request of analysis session 'session_0'.
2024-06-04 15:23:01.345161 (6164) lic__man INFO    Unclaim everything for 'session_0'.
2024-06-04 15:23:09.644758 (6164) lic__man INFO    Unclaim everything for 'session_0'.
2024-06-04 15:25:31.529297 (6164) main____ INFO    About to exit: requested from GUI
2024-06-04 15:25:32.071973 (6164) session_ INFO    Analysis session 'session_0' disconnected.
2024-06-04 15:25:32.080816 (6164) lic_core INFO    (1) checkin jasper_interactive
2024-06-04 15:25:32.111986 (6164) lic_core INFO    (3) checkin jasper_dao
2024-06-04 15:25:32.148592 (6164) main____ INFO    Exiting with status 0.
